2025-01-06 00:11:46,101 - ERROR - Database file does not exist: instance/stipend.db
2025-01-06 00:15:31,065 - ERROR - Database file does not exist: instance/stipend.db
2025-01-06 00:15:32,376 - INFO - Database backup created: instance/stipend.db -> backups/stipend_20250106_001532.db
2025-01-06 00:24:20,445 - INFO - Database connection successful to instance/stipend.db
2025-01-06 00:24:20,446 - ERROR - Database file does not exist: instance/test_stipend.db
2025-01-06 00:26:39,695 - INFO - Database connection successful to instance/stipend.db
2025-01-06 00:26:39,695 - ERROR - Database file does not exist: instance/test_stipend.db
2025-01-06 00:31:31,595 - INFO - Database connection successful to instance/stipend.db
2025-01-06 00:31:31,595 - ERROR - Database file does not exist: instance/test_stipend.db
2025-01-06 00:42:27,746 - ERROR - Database file does not exist: instance/stipend.db
2025-01-06 00:46:47,318 - ERROR - Database file does not exist: instance/stipend.db
2025-01-06 00:50:35,274 - INFO - Database connection successful to instance/stipend.db
2025-01-06 00:50:35,274 - ERROR - Database file does not exist: instance/test_stipend.db
2025-01-06 00:53:51,804 - INFO - Database connection successful to instance/stipend.db
2025-01-06 00:53:51,805 - ERROR - Alembic version table not found
2025-01-06 00:53:51,805 - ERROR - Schema version verification failed
2025-01-06 00:58:36,226 - ERROR - Database file does not exist: instance/stipend.db
2025-01-06 01:00:29,971 - INFO - Database connection successful to instance/stipend.db
2025-01-06 01:00:29,971 - ERROR - Database file does not exist: instance/test_stipend.db
2025-01-06 01:02:05,255 - INFO - Database connection successful to instance/stipend.db
2025-01-06 01:02:05,255 - ERROR - Database file does not exist: instance/test_stipend.db
2025-01-06 01:04:30,929 - INFO - Database connection successful to instance/stipend.db
2025-01-06 01:04:30,930 - ERROR - Alembic version table not found
2025-01-06 01:04:30,930 - ERROR - Schema version verification failed
2025-01-06 01:10:54,959 - INFO - Database connection successful to instance/stipend.db
2025-01-06 01:10:54,960 - ERROR - Database file does not exist: instance/test_stipend.db
2025-01-06 01:13:03,242 - INFO - Database connection successful to instance/stipend.db
2025-01-06 01:13:03,243 - ERROR - Database file does not exist: instance/test_stipend.db
2025-01-06 01:14:41,041 - INFO - Database connection successful to instance/stipend.db
2025-01-06 01:14:41,041 - ERROR - Database file does not exist: instance/test_stipend.db
2025-01-06 01:16:49,180 - INFO - Database connection successful to instance/stipend.db
2025-01-06 01:16:49,182 - ERROR - Alembic version table not found
2025-01-06 01:16:49,182 - ERROR - Schema version verification failed
